<?xml version="1.0" encoding="UTF-8"?>
<testsuite xmlns:xsi="http://www.w3.org/2001/XMLSchema-instance" xsi:noNamespaceSchemaLocation="https://maven.apache.org/surefire/maven-surefire-plugin/xsd/surefire-test-report-3.0.xsd" version="3.0" name="CreateOrderTest" time="3.07" tests="4" errors="0" skipped="0" failures="4">
  <properties>
    <property name="sun.desktop" value="windows"/>
    <property name="awt.toolkit" value="sun.awt.windows.WToolkit"/>
    <property name="java.specification.version" value="11"/>
    <property name="sun.cpu.isalist" value="amd64"/>
    <property name="sun.jnu.encoding" value="Cp1251"/>
    <property name="java.class.path" value="C:\Users\mts49\Sprint_7\target\test-classes;C:\Users\mts49\Sprint_7\target\classes;C:\Users\mts49\.m2\repository\junit\junit\4.13.2\junit-4.13.2.jar;C:\Users\mts49\.m2\repository\org\hamcrest\hamcrest-core\1.3\hamcrest-core-1.3.jar;C:\Users\mts49\.m2\repository\io\rest-assured\rest-assured\5.2.0\rest-assured-5.2.0.jar;C:\Users\mts49\.m2\repository\org\apache\groovy\groovy\4.0.1\groovy-4.0.1.jar;C:\Users\mts49\.m2\repository\org\apache\groovy\groovy-xml\4.0.1\groovy-xml-4.0.1.jar;C:\Users\mts49\.m2\repository\org\apache\httpcomponents\httpclient\4.5.13\httpclient-4.5.13.jar;C:\Users\mts49\.m2\repository\org\apache\httpcomponents\httpcore\4.4.13\httpcore-4.4.13.jar;C:\Users\mts49\.m2\repository\commons-logging\commons-logging\1.2\commons-logging-1.2.jar;C:\Users\mts49\.m2\repository\commons-codec\commons-codec\1.11\commons-codec-1.11.jar;C:\Users\mts49\.m2\repository\org\apache\httpcomponents\httpmime\4.5.13\httpmime-4.5.13.jar;C:\Users\mts49\.m2\repository\org\hamcrest\hamcrest\2.1\hamcrest-2.1.jar;C:\Users\mts49\.m2\repository\org\ccil\cowan\tagsoup\tagsoup\1.2.1\tagsoup-1.2.1.jar;C:\Users\mts49\.m2\repository\io\rest-assured\json-path\5.2.0\json-path-5.2.0.jar;C:\Users\mts49\.m2\repository\org\apache\groovy\groovy-json\4.0.1\groovy-json-4.0.1.jar;C:\Users\mts49\.m2\repository\io\rest-assured\rest-assured-common\5.2.0\rest-assured-common-5.2.0.jar;C:\Users\mts49\.m2\repository\io\rest-assured\xml-path\5.2.0\xml-path-5.2.0.jar;C:\Users\mts49\.m2\repository\org\apache\commons\commons-lang3\3.11\commons-lang3-3.11.jar;C:\Users\mts49\.m2\repository\com\fasterxml\jackson\core\jackson-databind\2.13.4\jackson-databind-2.13.4.jar;C:\Users\mts49\.m2\repository\com\fasterxml\jackson\core\jackson-annotations\2.13.4\jackson-annotations-2.13.4.jar;C:\Users\mts49\.m2\repository\com\fasterxml\jackson\core\jackson-core\2.13.4\jackson-core-2.13.4.jar;C:\Users\mts49\.m2\repository\io\qameta\allure\allure-junit4\2.19.0\allure-junit4-2.19.0.jar;C:\Users\mts49\.m2\repository\io\qameta\allure\allure-java-commons\2.19.0\allure-java-commons-2.19.0.jar;C:\Users\mts49\.m2\repository\org\slf4j\slf4j-api\1.7.30\slf4j-api-1.7.30.jar;C:\Users\mts49\.m2\repository\io\qameta\allure\allure-model\2.19.0\allure-model-2.19.0.jar;C:\Users\mts49\.m2\repository\io\qameta\allure\allure-rest-assured\2.19.0\allure-rest-assured-2.19.0.jar;C:\Users\mts49\.m2\repository\io\qameta\allure\allure-attachments\2.19.0\allure-attachments-2.19.0.jar;C:\Users\mts49\.m2\repository\org\freemarker\freemarker\2.3.31\freemarker-2.3.31.jar;C:\Users\mts49\.m2\repository\org\projectlombok\lombok\1.18.24\lombok-1.18.24.jar;"/>
    <property name="java.vm.vendor" value="Amazon.com Inc."/>
    <property name="sun.arch.data.model" value="64"/>
    <property name="user.variant" value=""/>
    <property name="java.vendor.url" value="https://aws.amazon.com/corretto/"/>
    <property name="user.timezone" value="Europe/Moscow"/>
    <property name="java.vm.specification.version" value="11"/>
    <property name="os.name" value="Windows 10"/>
    <property name="sun.java.launcher" value="SUN_STANDARD"/>
    <property name="user.country" value="RU"/>
    <property name="sun.boot.library.path" value="C:\Program Files\Amazon Corretto\jdk11.0.15_9\bin"/>
    <property name="sun.java.command" value="C:\Users\mts49\AppData\Local\Temp\surefire10981458668744891247\surefirebooter8049462473532965195.jar C:\Users\mts49\AppData\Local\Temp\surefire10981458668744891247 2022-10-12T13-42-20_583-jvmRun1 surefire6610403051653746939tmp surefire_010846972224807782843tmp"/>
    <property name="jdk.debug" value="release"/>
    <property name="surefire.test.class.path" value="C:\Users\mts49\Sprint_7\target\test-classes;C:\Users\mts49\Sprint_7\target\classes;C:\Users\mts49\.m2\repository\junit\junit\4.13.2\junit-4.13.2.jar;C:\Users\mts49\.m2\repository\org\hamcrest\hamcrest-core\1.3\hamcrest-core-1.3.jar;C:\Users\mts49\.m2\repository\io\rest-assured\rest-assured\5.2.0\rest-assured-5.2.0.jar;C:\Users\mts49\.m2\repository\org\apache\groovy\groovy\4.0.1\groovy-4.0.1.jar;C:\Users\mts49\.m2\repository\org\apache\groovy\groovy-xml\4.0.1\groovy-xml-4.0.1.jar;C:\Users\mts49\.m2\repository\org\apache\httpcomponents\httpclient\4.5.13\httpclient-4.5.13.jar;C:\Users\mts49\.m2\repository\org\apache\httpcomponents\httpcore\4.4.13\httpcore-4.4.13.jar;C:\Users\mts49\.m2\repository\commons-logging\commons-logging\1.2\commons-logging-1.2.jar;C:\Users\mts49\.m2\repository\commons-codec\commons-codec\1.11\commons-codec-1.11.jar;C:\Users\mts49\.m2\repository\org\apache\httpcomponents\httpmime\4.5.13\httpmime-4.5.13.jar;C:\Users\mts49\.m2\repository\org\hamcrest\hamcrest\2.1\hamcrest-2.1.jar;C:\Users\mts49\.m2\repository\org\ccil\cowan\tagsoup\tagsoup\1.2.1\tagsoup-1.2.1.jar;C:\Users\mts49\.m2\repository\io\rest-assured\json-path\5.2.0\json-path-5.2.0.jar;C:\Users\mts49\.m2\repository\org\apache\groovy\groovy-json\4.0.1\groovy-json-4.0.1.jar;C:\Users\mts49\.m2\repository\io\rest-assured\rest-assured-common\5.2.0\rest-assured-common-5.2.0.jar;C:\Users\mts49\.m2\repository\io\rest-assured\xml-path\5.2.0\xml-path-5.2.0.jar;C:\Users\mts49\.m2\repository\org\apache\commons\commons-lang3\3.11\commons-lang3-3.11.jar;C:\Users\mts49\.m2\repository\com\fasterxml\jackson\core\jackson-databind\2.13.4\jackson-databind-2.13.4.jar;C:\Users\mts49\.m2\repository\com\fasterxml\jackson\core\jackson-annotations\2.13.4\jackson-annotations-2.13.4.jar;C:\Users\mts49\.m2\repository\com\fasterxml\jackson\core\jackson-core\2.13.4\jackson-core-2.13.4.jar;C:\Users\mts49\.m2\repository\io\qameta\allure\allure-junit4\2.19.0\allure-junit4-2.19.0.jar;C:\Users\mts49\.m2\repository\io\qameta\allure\allure-java-commons\2.19.0\allure-java-commons-2.19.0.jar;C:\Users\mts49\.m2\repository\org\slf4j\slf4j-api\1.7.30\slf4j-api-1.7.30.jar;C:\Users\mts49\.m2\repository\io\qameta\allure\allure-model\2.19.0\allure-model-2.19.0.jar;C:\Users\mts49\.m2\repository\io\qameta\allure\allure-rest-assured\2.19.0\allure-rest-assured-2.19.0.jar;C:\Users\mts49\.m2\repository\io\qameta\allure\allure-attachments\2.19.0\allure-attachments-2.19.0.jar;C:\Users\mts49\.m2\repository\org\freemarker\freemarker\2.3.31\freemarker-2.3.31.jar;C:\Users\mts49\.m2\repository\org\projectlombok\lombok\1.18.24\lombok-1.18.24.jar;"/>
    <property name="sun.cpu.endian" value="little"/>
    <property name="allure.results.directory" value="C:\Users\mts49\Sprint_7\target/allure-results"/>
    <property name="user.home" value="C:\Users\mts49"/>
    <property name="user.language" value="ru"/>
    <property name="java.specification.vendor" value="Oracle Corporation"/>
    <property name="java.version.date" value="2022-04-19"/>
    <property name="java.home" value="C:\Program Files\Amazon Corretto\jdk11.0.15_9"/>
    <property name="file.separator" value="\"/>
    <property name="basedir" value="C:\Users\mts49\Sprint_7"/>
    <property name="java.vm.compressedOopsMode" value="32-bit"/>
    <property name="line.separator" value="&#10;"/>
    <property name="java.specification.name" value="Java Platform API Specification"/>
    <property name="java.vm.specification.vendor" value="Oracle Corporation"/>
    <property name="java.awt.graphicsenv" value="sun.awt.Win32GraphicsEnvironment"/>
    <property name="surefire.real.class.path" value="C:\Users\mts49\AppData\Local\Temp\surefire10981458668744891247\surefirebooter8049462473532965195.jar"/>
    <property name="user.script" value=""/>
    <property name="sun.management.compiler" value="HotSpot 64-Bit Tiered Compilers"/>
    <property name="java.runtime.version" value="11.0.15+9-LTS"/>
    <property name="user.name" value="mts49"/>
    <property name="path.separator" value=";"/>
    <property name="os.version" value="10.0"/>
    <property name="java.runtime.name" value="OpenJDK Runtime Environment"/>
    <property name="file.encoding" value="Cp1251"/>
    <property name="java.vm.name" value="OpenJDK 64-Bit Server VM"/>
    <property name="java.vendor.version" value="Corretto-11.0.15.9.1"/>
    <property name="localRepository" value="C:\Users\mts49\.m2\repository"/>
    <property name="java.vendor.url.bug" value="https://github.com/corretto/corretto-11/issues/"/>
    <property name="java.io.tmpdir" value="C:\Users\mts49\AppData\Local\Temp\"/>
    <property name="idea.version" value="2022.1.3"/>
    <property name="java.version" value="11.0.15"/>
    <property name="user.dir" value="C:\Users\mts49\Sprint_7"/>
    <property name="os.arch" value="amd64"/>
    <property name="java.vm.specification.name" value="Java Virtual Machine Specification"/>
    <property name="java.awt.printerjob" value="sun.awt.windows.WPrinterJob"/>
    <property name="sun.os.patch.level" value=""/>
    <property name="java.library.path" value="C:\Program Files\Amazon Corretto\jdk11.0.15_9\bin;C:\WINDOWS\Sun\Java\bin;C:\WINDOWS\system32;C:\WINDOWS;C:\Program Files\Amazon Corretto\jdk11.0.15_9\bin;C:\windows\system32;C:\windows;C:\windows\System32\Wbem;C:\windows\System32\WindowsPowerShell\v1.0\;C:\windows\System32\OpenSSH\;C:\Program Files (x86)\NVIDIA Corporation\PhysX\Common;C:\WINDOWS\system32;C:\WINDOWS;C:\WINDOWS\System32\Wbem;C:\WINDOWS\System32\WindowsPowerShell\v1.0\;C:\WINDOWS\System32\OpenSSH\;C:\Program Files (x86)\Intel\Intel(R) Management Engine Components\DAL;C:\Program Files\Intel\Intel(R) Management Engine Components\DAL;C:\Program Files\Git\cmd;C:\WebDriver\bin;C:\Program Files (x86)\dotnet\;C:\Program Files\Docker\Docker\resources\bin;C:\ProgramData\DockerDesktop\version-bin;C:\allure-2.19.0\bin;C:\apache-maven-3.8.6\bin;;."/>
    <property name="java.vm.info" value="mixed mode"/>
    <property name="java.vendor" value="Amazon.com Inc."/>
    <property name="java.vm.version" value="11.0.15+9-LTS"/>
    <property name="sun.io.unicode.encoding" value="UnicodeLittle"/>
    <property name="java.class.version" value="55.0"/>
  </properties>
  <testcase name="OrderParametersTest[0]" classname="CreateOrderTest" time="0.775">
    <failure message="1 expectation failed.&#10;Expected status code &lt;200&gt; but was &lt;400&gt;.&#10;" type="java.lang.AssertionError"><![CDATA[java.lang.AssertionError: 
1 expectation failed.
Expected status code <200> but was <400>.

	at CreateOrderTest.OrderParametersTest(CreateOrderTest.java:36)
]]></failure>
    <system-out><![CDATA[Request method:	POST
Request URI:	http://qa-scooter.praktikum-services.ru/api/v1/orders
Proxy:			<none>
Request params:	<none>
Query params:	<none>
Form params:	<none>
Path params:	<none>
Headers:		Accept=*/*
				Content-Type=application/json
Cookies:		<none>
Multiparts:		<none>
Body:
{
    "firstName": "Naruto",
    "lastName": "Uchiha",
    "address": "Konoha, 142 apt.",
    "metroStation": "4",
    "phone": "+7 800 355 35 35",
    "rentTime": 5,
    "deliveryDate": "2020-06-06",
    "comment": "Saske, come back to Konoha",
    "color": null
}
HTTP/1.1 201 Created
Access-Control-Allow-Origin: *
Content-Length: 16
Content-Type: application/json; charset=utf-8
Date: Wed, 12 Oct 2022 10:42:40 GMT
ETag: W/"10-CQpwr1dl/AsYACa6dUAae6us5Ok"
Set-Cookie: _yasc=3ZFCGVxUi6aRenJlqY1qj9brEL/Kfrx/fLJzzZnAtm29wQ==; domain=.praktikum-services.ru; path=/; expires=Fri, 11-Nov-2022 10:42:40 GMT; secure
X-Powered-By: Express
X-Request-Id: 1665571360611265-2151391053421898600

{
    "track": 615934
}
Request method:	PUT
Request URI:	http://qa-scooter.praktikum-services.ru/api/v1/orders/cancel
Proxy:			<none>
Request params:	<none>
Query params:	<none>
Form params:	<none>
Path params:	<none>
Headers:		Accept=*/*
				Content-Type=application/json
Cookies:		<none>
Multiparts:		<none>
Body:
{
    "track": 615934
}
HTTP/1.1 400 Bad Request
Access-Control-Allow-Origin: *
Content-Length: 82
Content-Type: application/json; charset=utf-8
Date: Wed, 12 Oct 2022 10:42:40 GMT
ETag: W/"52-NEb1sihdUImnV9vUyVCvOlniC48"
Set-Cookie: _yasc=EGZw0PA9y8/OdqpcHsBwbRaT2vOtvSeSJIRDeQ1UtO7NVQ==; domain=.praktikum-services.ru; path=/; expires=Fri, 11-Nov-2022 10:42:40 GMT; secure
X-Powered-By: Express
X-Request-Id: 1665571360950195-6019879456106628672

{
    "code": 400,
    "message": "Недостаточно данных для поиска"
}
]]></system-out>
  </testcase>
  <testcase name="OrderParametersTest[1]" classname="CreateOrderTest" time="0.79">
    <failure message="1 expectation failed.&#10;Expected status code &lt;200&gt; but was &lt;400&gt;.&#10;" type="java.lang.AssertionError"><![CDATA[java.lang.AssertionError: 
1 expectation failed.
Expected status code <200> but was <400>.

	at CreateOrderTest.OrderParametersTest(CreateOrderTest.java:36)
]]></failure>
    <system-out><![CDATA[Request method:	POST
Request URI:	http://qa-scooter.praktikum-services.ru/api/v1/orders
Proxy:			<none>
Request params:	<none>
Query params:	<none>
Form params:	<none>
Path params:	<none>
Headers:		Accept=*/*
				Content-Type=application/json
Cookies:		<none>
Multiparts:		<none>
Body:
{
    "firstName": "Naruto",
    "lastName": "Uchiha",
    "address": "Konoha, 142 apt.",
    "metroStation": "4",
    "phone": "+7 800 355 35 35",
    "rentTime": 5,
    "deliveryDate": "2020-06-06",
    "comment": "Saske, come back to Konoha",
    "color": [
        "BLACK"
    ]
}
HTTP/1.1 201 Created
Access-Control-Allow-Origin: *
Content-Length: 16
Content-Type: application/json; charset=utf-8
Date: Wed, 12 Oct 2022 10:42:41 GMT
ETag: W/"10-yVap9B1rRLRbpCZcvZZ2vwCfZQw"
Set-Cookie: _yasc=SPdqjaOszGBxtiMFogzghKLy2TFh+f/gcXS85K9+oXkmgw==; domain=.praktikum-services.ru; path=/; expires=Fri, 11-Nov-2022 10:42:41 GMT; secure
X-Powered-By: Express
X-Request-Id: 1665571361450942-18016646256097070421

{
    "track": 240042
}
Request method:	PUT
Request URI:	http://qa-scooter.praktikum-services.ru/api/v1/orders/cancel
Proxy:			<none>
Request params:	<none>
Query params:	<none>
Form params:	<none>
Path params:	<none>
Headers:		Accept=*/*
				Content-Type=application/json
Cookies:		<none>
Multiparts:		<none>
Body:
{
    "track": 240042
}
HTTP/1.1 400 Bad Request
Access-Control-Allow-Origin: *
Content-Length: 82
Content-Type: application/json; charset=utf-8
Date: Wed, 12 Oct 2022 10:42:41 GMT
ETag: W/"52-NEb1sihdUImnV9vUyVCvOlniC48"
Set-Cookie: _yasc=TNtFJ8Zn5fqB+wCvf/UO1ovuWNlWyrAWa4FMrdgwNMy4Aw==; domain=.praktikum-services.ru; path=/; expires=Fri, 11-Nov-2022 10:42:41 GMT; secure
X-Powered-By: Express
X-Request-Id: 1665571361734537-7531743311680490513

{
    "code": 400,
    "message": "Недостаточно данных для поиска"
}
]]></system-out>
  </testcase>
  <testcase name="OrderParametersTest[2]" classname="CreateOrderTest" time="0.644">
    <failure message="1 expectation failed.&#10;Expected status code &lt;200&gt; but was &lt;400&gt;.&#10;" type="java.lang.AssertionError"><![CDATA[java.lang.AssertionError: 
1 expectation failed.
Expected status code <200> but was <400>.

	at CreateOrderTest.OrderParametersTest(CreateOrderTest.java:36)
]]></failure>
    <system-out><![CDATA[Request method:	POST
Request URI:	http://qa-scooter.praktikum-services.ru/api/v1/orders
Proxy:			<none>
Request params:	<none>
Query params:	<none>
Form params:	<none>
Path params:	<none>
Headers:		Accept=*/*
				Content-Type=application/json
Cookies:		<none>
Multiparts:		<none>
Body:
{
    "firstName": "Naruto",
    "lastName": "Uchiha",
    "address": "Konoha, 142 apt.",
    "metroStation": "4",
    "phone": "+7 800 355 35 35",
    "rentTime": 5,
    "deliveryDate": "2020-06-06",
    "comment": "Saske, come back to Konoha",
    "color": [
        "GREY"
    ]
}
HTTP/1.1 201 Created
Access-Control-Allow-Origin: *
Content-Length: 16
Content-Type: application/json; charset=utf-8
Date: Wed, 12 Oct 2022 10:42:42 GMT
ETag: W/"10-R9Zjy7ndmy1QEO9bL99+lL+hsZ8"
Set-Cookie: _yasc=hTiBOtQp4p1/BSTfnIIDuH1N3vPahV/DNbTr4QQqa7EGfA==; domain=.praktikum-services.ru; path=/; expires=Fri, 11-Nov-2022 10:42:42 GMT; secure
X-Powered-By: Express
X-Request-Id: 1665571362180713-5186199130974174130

{
    "track": 627954
}
Request method:	PUT
Request URI:	http://qa-scooter.praktikum-services.ru/api/v1/orders/cancel
Proxy:			<none>
Request params:	<none>
Query params:	<none>
Form params:	<none>
Path params:	<none>
Headers:		Accept=*/*
				Content-Type=application/json
Cookies:		<none>
Multiparts:		<none>
Body:
{
    "track": 627954
}
HTTP/1.1 400 Bad Request
Access-Control-Allow-Origin: *
Content-Length: 82
Content-Type: application/json; charset=utf-8
Date: Wed, 12 Oct 2022 10:42:42 GMT
ETag: W/"52-NEb1sihdUImnV9vUyVCvOlniC48"
Set-Cookie: _yasc=6qxULGVQBgzvQLYSMunqxGi4+COAmr5wS69NEz5o53na2Q==; domain=.praktikum-services.ru; path=/; expires=Fri, 11-Nov-2022 10:42:42 GMT; secure
X-Powered-By: Express
X-Request-Id: 1665571362557161-13848920621031227541

{
    "code": 400,
    "message": "Недостаточно данных для поиска"
}
]]></system-out>
  </testcase>
  <testcase name="OrderParametersTest[3]" classname="CreateOrderTest" time="0.85">
    <failure message="1 expectation failed.&#10;Expected status code &lt;200&gt; but was &lt;400&gt;.&#10;" type="java.lang.AssertionError"><![CDATA[java.lang.AssertionError: 
1 expectation failed.
Expected status code <200> but was <400>.

	at CreateOrderTest.OrderParametersTest(CreateOrderTest.java:36)
]]></failure>
    <system-out><![CDATA[Request method:	POST
Request URI:	http://qa-scooter.praktikum-services.ru/api/v1/orders
Proxy:			<none>
Request params:	<none>
Query params:	<none>
Form params:	<none>
Path params:	<none>
Headers:		Accept=*/*
				Content-Type=application/json
Cookies:		<none>
Multiparts:		<none>
Body:
{
    "firstName": "Naruto",
    "lastName": "Uchiha",
    "address": "Konoha, 142 apt.",
    "metroStation": "4",
    "phone": "+7 800 355 35 35",
    "rentTime": 5,
    "deliveryDate": "2020-06-06",
    "comment": "Saske, come back to Konoha",
    "color": [
        "BLACK",
        "GREY"
    ]
}
HTTP/1.1 201 Created
Access-Control-Allow-Origin: *
Content-Length: 16
Content-Type: application/json; charset=utf-8
Date: Wed, 12 Oct 2022 10:42:43 GMT
ETag: W/"10-Ljf5Q1jway7NjcTGQAHWCRaU+dI"
Set-Cookie: _yasc=zB1fM3wJF0Bs21Le0uymbZtuMUrhIR+KBy9xWa00xd0s3w==; domain=.praktikum-services.ru; path=/; expires=Fri, 11-Nov-2022 10:42:43 GMT; secure
X-Powered-By: Express
X-Request-Id: 1665571363008724-11213468544396145528

{
    "track": 447703
}
Request method:	PUT
Request URI:	http://qa-scooter.praktikum-services.ru/api/v1/orders/cancel
Proxy:			<none>
Request params:	<none>
Query params:	<none>
Form params:	<none>
Path params:	<none>
Headers:		Accept=*/*
				Content-Type=application/json
Cookies:		<none>
Multiparts:		<none>
Body:
{
    "track": 447703
}
HTTP/1.1 400 Bad Request
Access-Control-Allow-Origin: *
Content-Length: 82
Content-Type: application/json; charset=utf-8
Date: Wed, 12 Oct 2022 10:42:43 GMT
ETag: W/"52-NEb1sihdUImnV9vUyVCvOlniC48"
Set-Cookie: _yasc=pbaG6PgFWAS3pK8+9im/lS244+4k5FaEh11ZXU8qzHOjSA==; domain=.praktikum-services.ru; path=/; expires=Fri, 11-Nov-2022 10:42:43 GMT; secure
X-Powered-By: Express
X-Request-Id: 1665571363380420-14387250121679579084

{
    "code": 400,
    "message": "Недостаточно данных для поиска"
}
]]></system-out>
  </testcase>
</testsuite>