<?xml version="1.0" encoding="UTF-8"?>
<testsuite xmlns:xsi="http://www.w3.org/2001/XMLSchema-instance" xsi:noNamespaceSchemaLocation="https://maven.apache.org/surefire/maven-surefire-plugin/xsd/surefire-test-report-3.0.xsd" version="3.0" name="CreateCourierTest" time="17.681" tests="4" errors="0" skipped="0" failures="0">
  <properties>
    <property name="sun.desktop" value="windows"/>
    <property name="awt.toolkit" value="sun.awt.windows.WToolkit"/>
    <property name="java.specification.version" value="11"/>
    <property name="sun.cpu.isalist" value="amd64"/>
    <property name="sun.jnu.encoding" value="Cp1251"/>
    <property name="java.class.path" value="C:\Users\mts49\Sprint_7\target\test-classes;C:\Users\mts49\Sprint_7\target\classes;C:\Users\mts49\.m2\repository\junit\junit\4.13.2\junit-4.13.2.jar;C:\Users\mts49\.m2\repository\org\hamcrest\hamcrest-core\1.3\hamcrest-core-1.3.jar;C:\Users\mts49\.m2\repository\io\rest-assured\rest-assured\5.2.0\rest-assured-5.2.0.jar;C:\Users\mts49\.m2\repository\org\apache\groovy\groovy\4.0.1\groovy-4.0.1.jar;C:\Users\mts49\.m2\repository\org\apache\groovy\groovy-xml\4.0.1\groovy-xml-4.0.1.jar;C:\Users\mts49\.m2\repository\org\apache\httpcomponents\httpclient\4.5.13\httpclient-4.5.13.jar;C:\Users\mts49\.m2\repository\org\apache\httpcomponents\httpcore\4.4.13\httpcore-4.4.13.jar;C:\Users\mts49\.m2\repository\commons-logging\commons-logging\1.2\commons-logging-1.2.jar;C:\Users\mts49\.m2\repository\commons-codec\commons-codec\1.11\commons-codec-1.11.jar;C:\Users\mts49\.m2\repository\org\apache\httpcomponents\httpmime\4.5.13\httpmime-4.5.13.jar;C:\Users\mts49\.m2\repository\org\hamcrest\hamcrest\2.1\hamcrest-2.1.jar;C:\Users\mts49\.m2\repository\org\ccil\cowan\tagsoup\tagsoup\1.2.1\tagsoup-1.2.1.jar;C:\Users\mts49\.m2\repository\io\rest-assured\json-path\5.2.0\json-path-5.2.0.jar;C:\Users\mts49\.m2\repository\org\apache\groovy\groovy-json\4.0.1\groovy-json-4.0.1.jar;C:\Users\mts49\.m2\repository\io\rest-assured\rest-assured-common\5.2.0\rest-assured-common-5.2.0.jar;C:\Users\mts49\.m2\repository\io\rest-assured\xml-path\5.2.0\xml-path-5.2.0.jar;C:\Users\mts49\.m2\repository\org\apache\commons\commons-lang3\3.11\commons-lang3-3.11.jar;C:\Users\mts49\.m2\repository\com\fasterxml\jackson\core\jackson-databind\2.13.4\jackson-databind-2.13.4.jar;C:\Users\mts49\.m2\repository\com\fasterxml\jackson\core\jackson-annotations\2.13.4\jackson-annotations-2.13.4.jar;C:\Users\mts49\.m2\repository\com\fasterxml\jackson\core\jackson-core\2.13.4\jackson-core-2.13.4.jar;C:\Users\mts49\.m2\repository\io\qameta\allure\allure-junit4\2.19.0\allure-junit4-2.19.0.jar;C:\Users\mts49\.m2\repository\io\qameta\allure\allure-java-commons\2.19.0\allure-java-commons-2.19.0.jar;C:\Users\mts49\.m2\repository\org\slf4j\slf4j-api\1.7.30\slf4j-api-1.7.30.jar;C:\Users\mts49\.m2\repository\io\qameta\allure\allure-model\2.19.0\allure-model-2.19.0.jar;C:\Users\mts49\.m2\repository\io\qameta\allure\allure-rest-assured\2.19.0\allure-rest-assured-2.19.0.jar;C:\Users\mts49\.m2\repository\io\qameta\allure\allure-attachments\2.19.0\allure-attachments-2.19.0.jar;C:\Users\mts49\.m2\repository\org\freemarker\freemarker\2.3.31\freemarker-2.3.31.jar;C:\Users\mts49\.m2\repository\org\projectlombok\lombok\1.18.24\lombok-1.18.24.jar;"/>
    <property name="java.vm.vendor" value="Amazon.com Inc."/>
    <property name="sun.arch.data.model" value="64"/>
    <property name="user.variant" value=""/>
    <property name="java.vendor.url" value="https://aws.amazon.com/corretto/"/>
    <property name="user.timezone" value="Europe/Moscow"/>
    <property name="java.vm.specification.version" value="11"/>
    <property name="os.name" value="Windows 10"/>
    <property name="sun.java.launcher" value="SUN_STANDARD"/>
    <property name="user.country" value="RU"/>
    <property name="sun.boot.library.path" value="C:\Program Files\Amazon Corretto\jdk11.0.15_9\bin"/>
    <property name="sun.java.command" value="C:\Users\mts49\AppData\Local\Temp\surefire4002718492927469288\surefirebooter7584350787311306870.jar C:\Users\mts49\AppData\Local\Temp\surefire4002718492927469288 2022-10-12T13-29-28_564-jvmRun1 surefire17884066979388325251tmp surefire_015034869654641865434tmp"/>
    <property name="jdk.debug" value="release"/>
    <property name="surefire.test.class.path" value="C:\Users\mts49\Sprint_7\target\test-classes;C:\Users\mts49\Sprint_7\target\classes;C:\Users\mts49\.m2\repository\junit\junit\4.13.2\junit-4.13.2.jar;C:\Users\mts49\.m2\repository\org\hamcrest\hamcrest-core\1.3\hamcrest-core-1.3.jar;C:\Users\mts49\.m2\repository\io\rest-assured\rest-assured\5.2.0\rest-assured-5.2.0.jar;C:\Users\mts49\.m2\repository\org\apache\groovy\groovy\4.0.1\groovy-4.0.1.jar;C:\Users\mts49\.m2\repository\org\apache\groovy\groovy-xml\4.0.1\groovy-xml-4.0.1.jar;C:\Users\mts49\.m2\repository\org\apache\httpcomponents\httpclient\4.5.13\httpclient-4.5.13.jar;C:\Users\mts49\.m2\repository\org\apache\httpcomponents\httpcore\4.4.13\httpcore-4.4.13.jar;C:\Users\mts49\.m2\repository\commons-logging\commons-logging\1.2\commons-logging-1.2.jar;C:\Users\mts49\.m2\repository\commons-codec\commons-codec\1.11\commons-codec-1.11.jar;C:\Users\mts49\.m2\repository\org\apache\httpcomponents\httpmime\4.5.13\httpmime-4.5.13.jar;C:\Users\mts49\.m2\repository\org\hamcrest\hamcrest\2.1\hamcrest-2.1.jar;C:\Users\mts49\.m2\repository\org\ccil\cowan\tagsoup\tagsoup\1.2.1\tagsoup-1.2.1.jar;C:\Users\mts49\.m2\repository\io\rest-assured\json-path\5.2.0\json-path-5.2.0.jar;C:\Users\mts49\.m2\repository\org\apache\groovy\groovy-json\4.0.1\groovy-json-4.0.1.jar;C:\Users\mts49\.m2\repository\io\rest-assured\rest-assured-common\5.2.0\rest-assured-common-5.2.0.jar;C:\Users\mts49\.m2\repository\io\rest-assured\xml-path\5.2.0\xml-path-5.2.0.jar;C:\Users\mts49\.m2\repository\org\apache\commons\commons-lang3\3.11\commons-lang3-3.11.jar;C:\Users\mts49\.m2\repository\com\fasterxml\jackson\core\jackson-databind\2.13.4\jackson-databind-2.13.4.jar;C:\Users\mts49\.m2\repository\com\fasterxml\jackson\core\jackson-annotations\2.13.4\jackson-annotations-2.13.4.jar;C:\Users\mts49\.m2\repository\com\fasterxml\jackson\core\jackson-core\2.13.4\jackson-core-2.13.4.jar;C:\Users\mts49\.m2\repository\io\qameta\allure\allure-junit4\2.19.0\allure-junit4-2.19.0.jar;C:\Users\mts49\.m2\repository\io\qameta\allure\allure-java-commons\2.19.0\allure-java-commons-2.19.0.jar;C:\Users\mts49\.m2\repository\org\slf4j\slf4j-api\1.7.30\slf4j-api-1.7.30.jar;C:\Users\mts49\.m2\repository\io\qameta\allure\allure-model\2.19.0\allure-model-2.19.0.jar;C:\Users\mts49\.m2\repository\io\qameta\allure\allure-rest-assured\2.19.0\allure-rest-assured-2.19.0.jar;C:\Users\mts49\.m2\repository\io\qameta\allure\allure-attachments\2.19.0\allure-attachments-2.19.0.jar;C:\Users\mts49\.m2\repository\org\freemarker\freemarker\2.3.31\freemarker-2.3.31.jar;C:\Users\mts49\.m2\repository\org\projectlombok\lombok\1.18.24\lombok-1.18.24.jar;"/>
    <property name="sun.cpu.endian" value="little"/>
    <property name="allure.results.directory" value="C:\Users\mts49\Sprint_7\target/allure-results"/>
    <property name="user.home" value="C:\Users\mts49"/>
    <property name="user.language" value="ru"/>
    <property name="java.specification.vendor" value="Oracle Corporation"/>
    <property name="java.version.date" value="2022-04-19"/>
    <property name="java.home" value="C:\Program Files\Amazon Corretto\jdk11.0.15_9"/>
    <property name="file.separator" value="\"/>
    <property name="basedir" value="C:\Users\mts49\Sprint_7"/>
    <property name="java.vm.compressedOopsMode" value="32-bit"/>
    <property name="line.separator" value="&#10;"/>
    <property name="java.specification.name" value="Java Platform API Specification"/>
    <property name="java.vm.specification.vendor" value="Oracle Corporation"/>
    <property name="java.awt.graphicsenv" value="sun.awt.Win32GraphicsEnvironment"/>
    <property name="surefire.real.class.path" value="C:\Users\mts49\AppData\Local\Temp\surefire4002718492927469288\surefirebooter7584350787311306870.jar"/>
    <property name="user.script" value=""/>
    <property name="sun.management.compiler" value="HotSpot 64-Bit Tiered Compilers"/>
    <property name="java.runtime.version" value="11.0.15+9-LTS"/>
    <property name="user.name" value="mts49"/>
    <property name="path.separator" value=";"/>
    <property name="os.version" value="10.0"/>
    <property name="java.runtime.name" value="OpenJDK Runtime Environment"/>
    <property name="file.encoding" value="Cp1251"/>
    <property name="java.vm.name" value="OpenJDK 64-Bit Server VM"/>
    <property name="java.vendor.version" value="Corretto-11.0.15.9.1"/>
    <property name="localRepository" value="C:\Users\mts49\.m2\repository"/>
    <property name="java.vendor.url.bug" value="https://github.com/corretto/corretto-11/issues/"/>
    <property name="java.io.tmpdir" value="C:\Users\mts49\AppData\Local\Temp\"/>
    <property name="idea.version" value="2022.1.3"/>
    <property name="java.version" value="11.0.15"/>
    <property name="user.dir" value="C:\Users\mts49\Sprint_7"/>
    <property name="os.arch" value="amd64"/>
    <property name="java.vm.specification.name" value="Java Virtual Machine Specification"/>
    <property name="java.awt.printerjob" value="sun.awt.windows.WPrinterJob"/>
    <property name="sun.os.patch.level" value=""/>
    <property name="java.library.path" value="C:\Program Files\Amazon Corretto\jdk11.0.15_9\bin;C:\WINDOWS\Sun\Java\bin;C:\WINDOWS\system32;C:\WINDOWS;C:\Program Files\Amazon Corretto\jdk11.0.15_9\bin;C:\windows\system32;C:\windows;C:\windows\System32\Wbem;C:\windows\System32\WindowsPowerShell\v1.0\;C:\windows\System32\OpenSSH\;C:\Program Files (x86)\NVIDIA Corporation\PhysX\Common;C:\WINDOWS\system32;C:\WINDOWS;C:\WINDOWS\System32\Wbem;C:\WINDOWS\System32\WindowsPowerShell\v1.0\;C:\WINDOWS\System32\OpenSSH\;C:\Program Files (x86)\Intel\Intel(R) Management Engine Components\DAL;C:\Program Files\Intel\Intel(R) Management Engine Components\DAL;C:\Program Files\Git\cmd;C:\WebDriver\bin;C:\Program Files (x86)\dotnet\;C:\Program Files\Docker\Docker\resources\bin;C:\ProgramData\DockerDesktop\version-bin;C:\allure-2.19.0\bin;C:\apache-maven-3.8.6\bin;;."/>
    <property name="java.vm.info" value="mixed mode"/>
    <property name="java.vendor" value="Amazon.com Inc."/>
    <property name="java.vm.version" value="11.0.15+9-LTS"/>
    <property name="sun.io.unicode.encoding" value="UnicodeLittle"/>
    <property name="java.class.version" value="55.0"/>
  </properties>
  <testcase name="createIdenticalCouriersTest" classname="CreateCourierTest" time="14.82">
    <system-out><![CDATA[Request method:	POST
Request URI:	http://qa-scooter.praktikum-services.ru/api/v1/courier
Proxy:			<none>
Request params:	<none>
Query params:	<none>
Form params:	<none>
Path params:	<none>
Headers:		Accept=*/*
				Content-Type=application/json
Cookies:		<none>
Multiparts:		<none>
Body:
{
    "login": "TyFWDSl",
    "password": "9803332",
    "firstName": "UeuBywS"
}
Request method:	POST
Request URI:	http://qa-scooter.praktikum-services.ru/api/v1/courier
Proxy:			<none>
Request params:	<none>
Query params:	<none>
Form params:	<none>
Path params:	<none>
Headers:		Accept=*/*
				Content-Type=application/json
Cookies:		<none>
Multiparts:		<none>
Body:
{
    "login": "TyFWDSl",
    "password": "9803332",
    "firstName": "UeuBywS"
}
HTTP/1.1 409 Conflict
Access-Control-Allow-Origin: *
Content-Length: 112
Content-Type: application/json; charset=utf-8
Date: Wed, 12 Oct 2022 10:29:47 GMT
ETag: W/"70-sLG1ZktNk+Ab3iaKUMwxkdL4FJo"
Set-Cookie: _yasc=32ZApjTxFzbxfRjlZXARKjgsGiPwfJdg4Z27R2Y/6KyjNg==; domain=.praktikum-services.ru; path=/; expires=Fri, 11-Nov-2022 10:29:47 GMT; secure
X-Powered-By: Express
X-Request-Id: 1665570587389347-4657415259524128807

{
    "code": 409,
    "message": "Этот логин уже используется. Попробуйте другой."
}
Request method:	POST
Request URI:	http://qa-scooter.praktikum-services.ru/api/v1/courier/login
Proxy:			<none>
Request params:	<none>
Query params:	<none>
Form params:	<none>
Path params:	<none>
Headers:		Accept=*/*
				Content-Type=application/json
Cookies:		<none>
Multiparts:		<none>
Body:
{
    "login": "TyFWDSl",
    "password": "9803332"
}
HTTP/1.1 200 OK
Access-Control-Allow-Origin: *
Content-Length: 13
Content-Type: application/json; charset=utf-8
Date: Wed, 12 Oct 2022 10:29:50 GMT
ETag: W/"d-EjK4eyPKC2krgH64X2BSdfL0Y5g"
Set-Cookie: _yasc=HrIyIZm1BO7OqcUQdWHE1ZG6CSWQF406W9HtRrizzTl7Cw==; domain=.praktikum-services.ru; path=/; expires=Fri, 11-Nov-2022 10:29:50 GMT; secure
X-Powered-By: Express
X-Request-Id: 1665570590872749-4801488712896434724

{
    "id": 112934
}
Request method:	DELETE
Request URI:	http://qa-scooter.praktikum-services.ru/api/v1/courier/112934
Proxy:			<none>
Request params:	<none>
Query params:	<none>
Form params:	<none>
Path params:	courierId=112934
Headers:		Accept=*/*
				Content-Type=application/json
Cookies:		<none>
Multiparts:		<none>
Body:			<none>
HTTP/1.1 200 OK
Access-Control-Allow-Origin: *
Content-Length: 11
Content-Type: application/json; charset=utf-8
Date: Wed, 12 Oct 2022 10:29:51 GMT
ETag: W/"b-Ai2R8hgEarLmHKwesT1qcY913ys"
Set-Cookie: _yasc=pybF0nEceJd3p6O+Kn1Y9UZEBV1up7ZAMETEpMYB3+pS0A==; domain=.praktikum-services.ru; path=/; expires=Fri, 11-Nov-2022 10:29:51 GMT; secure
X-Powered-By: Express
X-Request-Id: 1665570591386253-15881997370412683559

{
    "ok": true
}
]]></system-out>
    <system-err><![CDATA[SLF4J: Failed to load class "org.slf4j.impl.StaticLoggerBinder".
SLF4J: Defaulting to no-operation (NOP) logger implementation
SLF4J: See http://www.slf4j.org/codes.html#StaticLoggerBinder for further details.
]]></system-err>
  </testcase>
  <testcase name="createWithEmptyLoginTest" classname="CreateCourierTest" time="0.351">
    <system-out><![CDATA[Request method:	POST
Request URI:	http://qa-scooter.praktikum-services.ru/api/v1/courier
Proxy:			<none>
Request params:	<none>
Query params:	<none>
Form params:	<none>
Path params:	<none>
Headers:		Accept=*/*
				Content-Type=application/json
Cookies:		<none>
Multiparts:		<none>
Body:
{
    "login": "",
    "password": "rzPMr1n",
    "firstName": "hnfBuzw"
}
HTTP/1.1 400 Bad Request
Access-Control-Allow-Origin: *
Content-Length: 114
Content-Type: application/json; charset=utf-8
Date: Wed, 12 Oct 2022 10:29:52 GMT
ETag: W/"72-AUDx41VLe1HSztSRMybiiyHwcKY"
Set-Cookie: _yasc=JledhpaJ7guQYmurRLF8u7x0zksdPbcwVEkN8O8yiujbEA==; domain=.praktikum-services.ru; path=/; expires=Fri, 11-Nov-2022 10:29:52 GMT; secure
X-Powered-By: Express
X-Request-Id: 1665570592410409-18123250330195823651

{
    "code": 400,
    "message": "Недостаточно данных для создания учетной записи"
}
]]></system-out>
  </testcase>
  <testcase name="createWithEmptyPasswordTest" classname="CreateCourierTest" time="0.414">
    <system-out><![CDATA[Request method:	POST
Request URI:	http://qa-scooter.praktikum-services.ru/api/v1/courier
Proxy:			<none>
Request params:	<none>
Query params:	<none>
Form params:	<none>
Path params:	<none>
Headers:		Accept=*/*
				Content-Type=application/json
Cookies:		<none>
Multiparts:		<none>
Body:
{
    "login": "gIonBCn",
    "password": "",
    "firstName": "aAPluca"
}
HTTP/1.1 400 Bad Request
Access-Control-Allow-Origin: *
Content-Length: 114
Content-Type: application/json; charset=utf-8
Date: Wed, 12 Oct 2022 10:29:52 GMT
ETag: W/"72-AUDx41VLe1HSztSRMybiiyHwcKY"
Set-Cookie: _yasc=Tg6au6/mauQrD+Moy8q8Z+eIwamLITijzFZEtziKCOhEWw==; domain=.praktikum-services.ru; path=/; expires=Fri, 11-Nov-2022 10:29:52 GMT; secure
X-Powered-By: Express
X-Request-Id: 1665570592822024-10057504511427799300

{
    "code": 400,
    "message": "Недостаточно данных для создания учетной записи"
}
]]></system-out>
  </testcase>
  <testcase name="createCourierTest" classname="CreateCourierTest" time="1.123">
    <system-out><![CDATA[Request method:	POST
Request URI:	http://qa-scooter.praktikum-services.ru/api/v1/courier
Proxy:			<none>
Request params:	<none>
Query params:	<none>
Form params:	<none>
Path params:	<none>
Headers:		Accept=*/*
				Content-Type=application/json
Cookies:		<none>
Multiparts:		<none>
Body:
{
    "login": "rjEJGrk",
    "password": "1207811",
    "firstName": "syLowGz"
}
HTTP/1.1 201 Created
Access-Control-Allow-Origin: *
Content-Length: 11
Content-Type: application/json; charset=utf-8
Date: Wed, 12 Oct 2022 10:29:53 GMT
ETag: W/"b-Ai2R8hgEarLmHKwesT1qcY913ys"
Set-Cookie: _yasc=Zg17jLVA6w4J/7qo3R4DnPMNP5sQY4kHoCUmUefzMYjpmA==; domain=.praktikum-services.ru; path=/; expires=Fri, 11-Nov-2022 10:29:53 GMT; secure
X-Powered-By: Express
X-Request-Id: 1665570593258399-10587153643590170568

{
    "ok": true
}
Request method:	POST
Request URI:	http://qa-scooter.praktikum-services.ru/api/v1/courier/login
Proxy:			<none>
Request params:	<none>
Query params:	<none>
Form params:	<none>
Path params:	<none>
Headers:		Accept=*/*
				Content-Type=application/json
Cookies:		<none>
Multiparts:		<none>
Body:
{
    "login": "rjEJGrk",
    "password": "1207811"
}
HTTP/1.1 200 OK
Access-Control-Allow-Origin: *
Content-Length: 13
Content-Type: application/json; charset=utf-8
Date: Wed, 12 Oct 2022 10:29:53 GMT
ETag: W/"d-wGQx+0Yp1oBxDfCu6cFR+0GQ0lo"
Set-Cookie: _yasc=UhY71PsCnFJ84DorUGR2yGnK0odG/tSSrXBM3dA5R6yOtw==; domain=.praktikum-services.ru; path=/; expires=Fri, 11-Nov-2022 10:29:53 GMT; secure
X-Powered-By: Express
X-Request-Id: 1665570593495142-905024544603645227

{
    "id": 112935
}
Request method:	DELETE
Request URI:	http://qa-scooter.praktikum-services.ru/api/v1/courier/112935
Proxy:			<none>
Request params:	<none>
Query params:	<none>
Form params:	<none>
Path params:	courierId=112935
Headers:		Accept=*/*
				Content-Type=application/json
Cookies:		<none>
Multiparts:		<none>
Body:			<none>
HTTP/1.1 200 OK
Access-Control-Allow-Origin: *
Content-Length: 11
Content-Type: application/json; charset=utf-8
Date: Wed, 12 Oct 2022 10:29:54 GMT
ETag: W/"b-Ai2R8hgEarLmHKwesT1qcY913ys"
Set-Cookie: _yasc=DedcKqvfcoteINF70FwW61TkcL1YeNv7KiPULblTeLntgQ==; domain=.praktikum-services.ru; path=/; expires=Fri, 11-Nov-2022 10:29:53 GMT; secure
X-Powered-By: Express
X-Request-Id: 1665570593931449-2905652986452003835

{
    "ok": true
}
]]></system-out>
  </testcase>
</testsuite>